# JRE version: OpenJDK Runtime Environment Temurin-11.0.26+4 (11.0.26+4) (build 11.0.26+4)
# Java VM: OpenJDK 64-Bit Server VM Temurin-11.0.26+4 (11.0.26+4, mixed mode, tiered, compressed oops, g1 gc, bsd-aarch64)
Heap:
 garbage-first heap   total 157696K, used 47105K [0x0000000740000000, 0x00000007c0000000)
  region size 1024K, 37 young (37888K), 5 survivors (5120K)
 Metaspace       used 40148K, capacity 40934K, committed 41040K, reserved 1085440K
  class space    used 4441K, capacity 4788K, committed 4864K, reserved 1048576K
GC Heap History (10 events):
Event: 0.210 GC heap before
{Heap before GC invocations=0 (full 0):
 garbage-first heap   total 131072K, used 24576K [0x0000000740000000, 0x00000007c0000000)
  region size 1024K, 24 young (24576K), 0 survivors (0K)
 Metaspace       used 9932K, capacity 10095K, committed 10240K, reserved 1058816K
  class space    used 858K, capacity 930K, committed 1024K, reserved 1048576K
}
Event: 0.212 GC heap after
{Heap after GC invocations=1 (full 0):
 garbage-first heap   total 131072K, used 3950K [0x0000000740000000, 0x00000007c0000000)
  region size 1024K, 3 young (3072K), 3 survivors (3072K)
 Metaspace       used 9932K, capacity 10095K, committed 10240K, reserved 1058816K
  class space    used 858K, capacity 930K, committed 1024K, reserved 1048576K
}
Event: 0.458 GC heap before
{Heap before GC invocations=1 (full 0):
 garbage-first heap   total 131072K, used 72558K [0x0000000740000000, 0x00000007c0000000)
  region size 1024K, 71 young (72704K), 3 survivors (3072K)
 Metaspace       used 20820K, capacity 21117K, committed 21296K, reserved 1069056K
  class space    used 2190K, capacity 2327K, committed 2432K, reserved 1048576K
}
Event: 0.461 GC heap after
{Heap after GC invocations=2 (full 0):
 garbage-first heap   total 131072K, used 7692K [0x0000000740000000, 0x00000007c0000000)
  region size 1024K, 7 young (7168K), 7 survivors (7168K)
 Metaspace       used 20820K, capacity 21117K, committed 21296K, reserved 1069056K
  class space    used 2190K, capacity 2327K, committed 2432K, reserved 1048576K
}
Event: 1.499 GC heap before
{Heap before GC invocations=3 (full 0):
 garbage-first heap   total 131072K, used 62988K [0x0000000740000000, 0x00000007c0000000)
  region size 1024K, 63 young (64512K), 7 survivors (7168K)
 Metaspace       used 35099K, capacity 35747K, committed 35920K, reserved 1081344K
  class space    used 3961K, capacity 4265K, committed 4352K, reserved 1048576K
}
Event: 1.504 GC heap after
{Heap after GC invocations=4 (full 0):
 garbage-first heap   total 131072K, used 10857K [0x0000000740000000, 0x00000007c0000000)
  region size 1024K, 7 young (7168K), 7 survivors (7168K)
 Metaspace       used 35099K, capacity 35747K, committed 35920K, reserved 1081344K
  class space    used 3961K, capacity 4265K, committed 4352K, reserved 1048576K
}
Event: 3.531 GC heap before
{Heap before GC invocations=5 (full 0):
 garbage-first heap   total 131072K, used 81513K [0x0000000740000000, 0x00000007c0000000)
  region size 1024K, 76 young (77824K), 7 survivors (7168K)
 Metaspace       used 38957K, capacity 39805K, committed 39888K, reserved 1085440K
  class space    used 4377K, capacity 4719K, committed 4736K, reserved 1048576K
}
Event: 3.539 GC heap after
{Heap after GC invocations=6 (full 0):
 garbage-first heap   total 131072K, used 13956K [0x0000000740000000, 0x00000007c0000000)
  region size 1024K, 7 young (7168K), 7 survivors (7168K)
 Metaspace       used 38957K, capacity 39805K, committed 39888K, reserved 1085440K
  class space    used 4377K, capacity 4719K, committed 4736K, reserved 1048576K
}
Event: 9.664 GC heap before
{Heap before GC invocations=6 (full 0):
 garbage-first heap   total 131072K, used 83588K [0x0000000740000000, 0x00000007c0000000)
  region size 1024K, 76 young (77824K), 7 survivors (7168K)
 Metaspace       used 39842K, capacity 40643K, committed 40784K, reserved 1085440K
  class space    used 4409K, capacity 4756K, committed 4864K, reserved 1048576K
}
Event: 9.669 GC heap after
{Heap after GC invocations=7 (full 0):
 garbage-first heap   total 157696K, used 15361K [0x0000000740000000, 0x00000007c0000000)
  region size 1024K, 5 young (5120K), 5 survivors (5120K)
 Metaspace       used 39842K, capacity 40643K, committed 40784K, reserved 1085440K
  class space    used 4409K, capacity 4756K, committed 4864K, reserved 1048576K
}

