# JRE version: OpenJDK Runtime Environment Temurin-11.0.26+4 (11.0.26+4) (build 11.0.26+4)
# Java VM: OpenJDK 64-Bit Server VM Temurin-11.0.26+4 (11.0.26+4, mixed mode, tiered, compressed oops, g1 gc, bsd-aarch64)
Heap:
 garbage-first heap   total 157696K, used 76092K [0x0000000740000000, 0x00000007c0000000)
  region size 1024K, 64 young (65536K), 3 survivors (3072K)
 Metaspace       used 41629K, capacity 42646K, committed 42928K, reserved 1087488K
  class space    used 4578K, capacity 5005K, committed 5120K, reserved 1048576K
GC Heap History (20 events):
Event: 1.811 GC heap before
{Heap before GC invocations=3 (full 0):
 garbage-first heap   total 131072K, used 57933K [0x0000000740000000, 0x00000007c0000000)
  region size 1024K, 57 young (58368K), 7 survivors (7168K)
 Metaspace       used 34750K, capacity 35406K, committed 35632K, reserved 1081344K
  class space    used 3911K, capacity 4194K, committed 4224K, reserved 1048576K
}
Event: 1.821 GC heap after
{Heap after GC invocations=4 (full 0):
 garbage-first heap   total 131072K, used 10735K [0x0000000740000000, 0x00000007c0000000)
  region size 1024K, 7 young (7168K), 7 survivors (7168K)
 Metaspace       used 34750K, capacity 35406K, committed 35632K, reserved 1081344K
  class space    used 3911K, capacity 4194K, committed 4224K, reserved 1048576K
}
Event: 3.792 GC heap before
{Heap before GC invocations=5 (full 0):
 garbage-first heap   total 131072K, used 80367K [0x0000000740000000, 0x00000007c0000000)
  region size 1024K, 76 young (77824K), 7 survivors (7168K)
 Metaspace       used 38981K, capacity 39800K, committed 39984K, reserved 1085440K
  class space    used 4374K, capacity 4718K, committed 4736K, reserved 1048576K
}
Event: 3.802 GC heap after
{Heap after GC invocations=6 (full 0):
 garbage-first heap   total 131072K, used 13796K [0x0000000740000000, 0x00000007c0000000)
  region size 1024K, 7 young (7168K), 7 survivors (7168K)
 Metaspace       used 38981K, capacity 39800K, committed 39984K, reserved 1085440K
  class space    used 4374K, capacity 4718K, committed 4736K, reserved 1048576K
}
Event: 19.525 GC heap before
{Heap before GC invocations=6 (full 0):
 garbage-first heap   total 131072K, used 83428K [0x0000000740000000, 0x00000007c0000000)
  region size 1024K, 76 young (77824K), 7 survivors (7168K)
 Metaspace       used 39864K, capacity 40638K, committed 40880K, reserved 1085440K
  class space    used 4409K, capacity 4755K, committed 4864K, reserved 1048576K
}
Event: 19.540 GC heap after
{Heap after GC invocations=7 (full 0):
 garbage-first heap   total 157696K, used 15195K [0x0000000740000000, 0x00000007c0000000)
  region size 1024K, 5 young (5120K), 5 survivors (5120K)
 Metaspace       used 39864K, capacity 40638K, committed 40880K, reserved 1085440K
  class space    used 4409K, capacity 4755K, committed 4864K, reserved 1048576K
}
Event: 40.758 GC heap before
{Heap before GC invocations=7 (full 0):
 garbage-first heap   total 157696K, used 102235K [0x0000000740000000, 0x00000007c0000000)
  region size 1024K, 90 young (92160K), 5 survivors (5120K)
 Metaspace       used 40130K, capacity 40961K, committed 41136K, reserved 1085440K
  class space    used 4410K, capacity 4755K, committed 4864K, reserved 1048576K
}
Event: 40.762 GC heap after
{Heap after GC invocations=8 (full 0):
 garbage-first heap   total 157696K, used 15705K [0x0000000740000000, 0x00000007c0000000)
  region size 1024K, 5 young (5120K), 5 survivors (5120K)
 Metaspace       used 40130K, capacity 40961K, committed 41136K, reserved 1085440K
  class space    used 4410K, capacity 4755K, committed 4864K, reserved 1048576K
}
Event: 59.881 GC heap before
{Heap before GC invocations=8 (full 0):
 garbage-first heap   total 157696K, used 103769K [0x0000000740000000, 0x00000007c0000000)
  region size 1024K, 92 young (94208K), 5 survivors (5120K)
 Metaspace       used 40296K, capacity 41092K, committed 41392K, reserved 1085440K
  class space    used 4414K, capacity 4755K, committed 4864K, reserved 1048576K
}
Event: 59.888 GC heap after
{Heap after GC invocations=9 (full 0):
 garbage-first heap   total 157696K, used 15052K [0x0000000740000000, 0x00000007c0000000)
  region size 1024K, 5 young (5120K), 5 survivors (5120K)
 Metaspace       used 40296K, capacity 41092K, committed 41392K, reserved 1085440K
  class space    used 4414K, capacity 4755K, committed 4864K, reserved 1048576K
}
Event: 81.257 GC heap before
{Heap before GC invocations=9 (full 0):
 garbage-first heap   total 157696K, used 104140K [0x0000000740000000, 0x00000007c0000000)
  region size 1024K, 92 young (94208K), 5 survivors (5120K)
 Metaspace       used 41082K, capacity 42084K, committed 42288K, reserved 1087488K
  class space    used 4551K, capacity 4991K, committed 4992K, reserved 1048576K
}
Event: 81.259 GC heap after
{Heap after GC invocations=10 (full 0):
 garbage-first heap   total 157696K, used 15182K [0x0000000740000000, 0x00000007c0000000)
  region size 1024K, 5 young (5120K), 5 survivors (5120K)
 Metaspace       used 41082K, capacity 42084K, committed 42288K, reserved 1087488K
  class space    used 4551K, capacity 4991K, committed 4992K, reserved 1048576K
}
Event: 91.721 GC heap before
{Heap before GC invocations=10 (full 0):
 garbage-first heap   total 157696K, used 104270K [0x0000000740000000, 0x00000007c0000000)
  region size 1024K, 92 young (94208K), 5 survivors (5120K)
 Metaspace       used 41200K, capacity 42212K, committed 42288K, reserved 1087488K
  class space    used 4551K, capacity 4991K, committed 4992K, reserved 1048576K
}
Event: 91.724 GC heap after
{Heap after GC invocations=11 (full 0):
 garbage-first heap   total 157696K, used 15152K [0x0000000740000000, 0x00000007c0000000)
  region size 1024K, 5 young (5120K), 5 survivors (5120K)
 Metaspace       used 41200K, capacity 42212K, committed 42288K, reserved 1087488K
  class space    used 4551K, capacity 4991K, committed 4992K, reserved 1048576K
}
Event: 93.523 GC heap before
{Heap before GC invocations=11 (full 0):
 garbage-first heap   total 157696K, used 104240K [0x0000000740000000, 0x00000007c0000000)
  region size 1024K, 92 young (94208K), 5 survivors (5120K)
 Metaspace       used 41247K, capacity 42259K, committed 42416K, reserved 1087488K
  class space    used 4559K, capacity 5004K, committed 5120K, reserved 1048576K
}
Event: 93.526 GC heap after
{Heap after GC invocations=12 (full 0):
 garbage-first heap   total 157696K, used 15294K [0x0000000740000000, 0x00000007c0000000)
  region size 1024K, 5 young (5120K), 5 survivors (5120K)
 Metaspace       used 41247K, capacity 42259K, committed 42416K, reserved 1087488K
  class space    used 4559K, capacity 5004K, committed 5120K, reserved 1048576K
}
Event: 99.863 GC heap before
{Heap before GC invocations=12 (full 0):
 garbage-first heap   total 157696K, used 104382K [0x0000000740000000, 0x00000007c0000000)
  region size 1024K, 92 young (94208K), 5 survivors (5120K)
 Metaspace       used 41252K, capacity 42259K, committed 42416K, reserved 1087488K
  class space    used 4559K, capacity 5004K, committed 5120K, reserved 1048576K
}
Event: 99.868 GC heap after
{Heap after GC invocations=13 (full 0):
 garbage-first heap   total 157696K, used 17409K [0x0000000740000000, 0x00000007c0000000)
  region size 1024K, 7 young (7168K), 7 survivors (7168K)
 Metaspace       used 41252K, capacity 42259K, committed 42416K, reserved 1087488K
  class space    used 4559K, capacity 5004K, committed 5120K, reserved 1048576K
}
Event: 121.774 GC heap before
{Heap before GC invocations=13 (full 0):
 garbage-first heap   total 157696K, used 103425K [0x0000000740000000, 0x00000007c0000000)
  region size 1024K, 92 young (94208K), 7 survivors (7168K)
 Metaspace       used 41326K, capacity 42324K, committed 42672K, reserved 1087488K
  class space    used 4560K, capacity 5004K, committed 5120K, reserved 1048576K
}
Event: 121.782 GC heap after
{Heap after GC invocations=14 (full 0):
 garbage-first heap   total 157696K, used 15676K [0x0000000740000000, 0x00000007c0000000)
  region size 1024K, 3 young (3072K), 3 survivors (3072K)
 Metaspace       used 41326K, capacity 42324K, committed 42672K, reserved 1087488K
  class space    used 4560K, capacity 5004K, committed 5120K, reserved 1048576K
}

