# JRE version: OpenJDK Runtime Environment Temurin-11.0.26+4 (11.0.26+4) (build 11.0.26+4)
# Java VM: OpenJDK 64-Bit Server VM Temurin-11.0.26+4 (11.0.26+4, mixed mode, tiered, compressed oops, g1 gc, bsd-aarch64)
Heap:
 garbage-first heap   total 131072K, used 49126K [0x0000000740000000, 0x00000007c0000000)
  region size 1024K, 36 young (36864K), 2 survivors (2048K)
 Metaspace       used 41707K, capacity 42687K, committed 42832K, reserved 1087488K
  class space    used 4584K, capacity 5038K, committed 5120K, reserved 1048576K
GC Heap History (20 events):
Event: 5.001 GC heap before
{Heap before GC invocations=5 (full 0):
 garbage-first heap   total 131072K, used 80891K [0x0000000740000000, 0x00000007c0000000)
  region size 1024K, 76 young (77824K), 8 survivors (8192K)
 Metaspace       used 38967K, capacity 39786K, committed 39888K, reserved 1085440K
  class space    used 4374K, capacity 4718K, committed 4736K, reserved 1048576K
}
Event: 5.007 GC heap after
{Heap after GC invocations=6 (full 0):
 garbage-first heap   total 131072K, used 13665K [0x0000000740000000, 0x00000007c0000000)
  region size 1024K, 6 young (6144K), 6 survivors (6144K)
 Metaspace       used 38967K, capacity 39786K, committed 39888K, reserved 1085440K
  class space    used 4374K, capacity 4718K, committed 4736K, reserved 1048576K
}
Event: 14.847 GC heap before
{Heap before GC invocations=6 (full 0):
 garbage-first heap   total 131072K, used 84321K [0x0000000740000000, 0x00000007c0000000)
  region size 1024K, 76 young (77824K), 6 survivors (6144K)
 Metaspace       used 40306K, capacity 41269K, committed 41424K, reserved 1085440K
  class space    used 4527K, capacity 4935K, committed 4992K, reserved 1048576K
}
Event: 14.858 GC heap after
{Heap after GC invocations=7 (full 0):
 garbage-first heap   total 131072K, used 15504K [0x0000000740000000, 0x00000007c0000000)
  region size 1024K, 5 young (5120K), 5 survivors (5120K)
 Metaspace       used 40306K, capacity 41269K, committed 41424K, reserved 1085440K
  class space    used 4527K, capacity 4935K, committed 4992K, reserved 1048576K
}
Event: 33.943 GC heap before
{Heap before GC invocations=7 (full 0):
 garbage-first heap   total 131072K, used 87184K [0x0000000740000000, 0x00000007c0000000)
  region size 1024K, 76 young (77824K), 5 survivors (5120K)
 Metaspace       used 40766K, capacity 41795K, committed 42064K, reserved 1087488K
  class space    used 4560K, capacity 5004K, committed 5120K, reserved 1048576K
}
Event: 33.950 GC heap after
{Heap after GC invocations=8 (full 0):
 garbage-first heap   total 131072K, used 15593K [0x0000000740000000, 0x00000007c0000000)
  region size 1024K, 5 young (5120K), 5 survivors (5120K)
 Metaspace       used 40766K, capacity 41795K, committed 42064K, reserved 1087488K
  class space    used 4560K, capacity 5004K, committed 5120K, reserved 1048576K
}
Event: 49.068 GC heap before
{Heap before GC invocations=8 (full 0):
 garbage-first heap   total 131072K, used 87273K [0x0000000740000000, 0x00000007c0000000)
  region size 1024K, 76 young (77824K), 5 survivors (5120K)
 Metaspace       used 40951K, capacity 41991K, committed 42320K, reserved 1087488K
  class space    used 4560K, capacity 5004K, committed 5120K, reserved 1048576K
}
Event: 49.071 GC heap after
{Heap after GC invocations=9 (full 0):
 garbage-first heap   total 131072K, used 15550K [0x0000000740000000, 0x00000007c0000000)
  region size 1024K, 5 young (5120K), 5 survivors (5120K)
 Metaspace       used 40951K, capacity 41991K, committed 42320K, reserved 1087488K
  class space    used 4560K, capacity 5004K, committed 5120K, reserved 1048576K
}
Event: 75.959 GC heap before
{Heap before GC invocations=9 (full 0):
 garbage-first heap   total 131072K, used 87230K [0x0000000740000000, 0x00000007c0000000)
  region size 1024K, 76 young (77824K), 5 survivors (5120K)
 Metaspace       used 41120K, capacity 42126K, committed 42320K, reserved 1087488K
  class space    used 4561K, capacity 5004K, committed 5120K, reserved 1048576K
}
Event: 75.967 GC heap after
{Heap after GC invocations=10 (full 0):
 garbage-first heap   total 131072K, used 17599K [0x0000000740000000, 0x00000007c0000000)
  region size 1024K, 7 young (7168K), 7 survivors (7168K)
 Metaspace       used 41120K, capacity 42126K, committed 42320K, reserved 1087488K
  class space    used 4561K, capacity 5004K, committed 5120K, reserved 1048576K
}
Event: 85.190 GC heap before
{Heap before GC invocations=10 (full 0):
 garbage-first heap   total 131072K, used 87231K [0x0000000740000000, 0x00000007c0000000)
  region size 1024K, 76 young (77824K), 7 survivors (7168K)
 Metaspace       used 41206K, capacity 42195K, committed 42320K, reserved 1087488K
  class space    used 4561K, capacity 5004K, committed 5120K, reserved 1048576K
}
Event: 85.193 GC heap after
{Heap after GC invocations=11 (full 0):
 garbage-first heap   total 131072K, used 15772K [0x0000000740000000, 0x00000007c0000000)
  region size 1024K, 3 young (3072K), 3 survivors (3072K)
 Metaspace       used 41206K, capacity 42195K, committed 42320K, reserved 1087488K
  class space    used 4561K, capacity 5004K, committed 5120K, reserved 1048576K
}
Event: 87.161 GC heap before
{Heap before GC invocations=11 (full 0):
 garbage-first heap   total 131072K, used 90524K [0x0000000740000000, 0x00000007c0000000)
  region size 1024K, 76 young (77824K), 3 survivors (3072K)
 Metaspace       used 41225K, capacity 42259K, committed 42576K, reserved 1087488K
  class space    used 4561K, capacity 5004K, committed 5120K, reserved 1048576K
}
Event: 87.163 GC heap after
{Heap after GC invocations=12 (full 0):
 garbage-first heap   total 131072K, used 15399K [0x0000000740000000, 0x00000007c0000000)
  region size 1024K, 2 young (2048K), 2 survivors (2048K)
 Metaspace       used 41225K, capacity 42259K, committed 42576K, reserved 1087488K
  class space    used 4561K, capacity 5004K, committed 5120K, reserved 1048576K
}
Event: 97.145 GC heap before
{Heap before GC invocations=12 (full 0):
 garbage-first heap   total 131072K, used 90151K [0x0000000740000000, 0x00000007c0000000)
  region size 1024K, 76 young (77824K), 2 survivors (2048K)
 Metaspace       used 41304K, capacity 42260K, committed 42576K, reserved 1087488K
  class space    used 4561K, capacity 5004K, committed 5120K, reserved 1048576K
}
Event: 97.149 GC heap after
{Heap after GC invocations=13 (full 0):
 garbage-first heap   total 131072K, used 15872K [0x0000000740000000, 0x00000007c0000000)
  region size 1024K, 3 young (3072K), 3 survivors (3072K)
 Metaspace       used 41304K, capacity 42260K, committed 42576K, reserved 1087488K
  class space    used 4561K, capacity 5004K, committed 5120K, reserved 1048576K
}
Event: 143.745 GC heap before
{Heap before GC invocations=13 (full 0):
 garbage-first heap   total 131072K, used 89600K [0x0000000740000000, 0x00000007c0000000)
  region size 1024K, 76 young (77824K), 3 survivors (3072K)
 Metaspace       used 41348K, capacity 42389K, committed 42576K, reserved 1087488K
  class space    used 4561K, capacity 5004K, committed 5120K, reserved 1048576K
}
Event: 143.748 GC heap after
{Heap after GC invocations=14 (full 0):
 garbage-first heap   total 131072K, used 15344K [0x0000000740000000, 0x00000007c0000000)
  region size 1024K, 2 young (2048K), 2 survivors (2048K)
 Metaspace       used 41348K, capacity 42389K, committed 42576K, reserved 1087488K
  class space    used 4561K, capacity 5004K, committed 5120K, reserved 1048576K
}
Event: 156.196 GC heap before
{Heap before GC invocations=14 (full 0):
 garbage-first heap   total 131072K, used 90096K [0x0000000740000000, 0x00000007c0000000)
  region size 1024K, 76 young (77824K), 2 survivors (2048K)
 Metaspace       used 41448K, capacity 42461K, committed 42576K, reserved 1087488K
  class space    used 4562K, capacity 5005K, committed 5120K, reserved 1048576K
}
Event: 156.199 GC heap after
{Heap after GC invocations=15 (full 0):
 garbage-first heap   total 131072K, used 15334K [0x0000000740000000, 0x00000007c0000000)
  region size 1024K, 2 young (2048K), 2 survivors (2048K)
 Metaspace       used 41448K, capacity 42461K, committed 42576K, reserved 1087488K
  class space    used 4562K, capacity 5005K, committed 5120K, reserved 1048576K
}

