# JRE version: OpenJDK Runtime Environment Temurin-11.0.26+4 (11.0.26+4) (build 11.0.26+4)
# Java VM: OpenJDK 64-Bit Server VM Temurin-11.0.26+4 (11.0.26+4, mixed mode, tiered, compressed oops, g1 gc, bsd-aarch64)
Heap:
 garbage-first heap   total 131072K, used 87254K [0x0000000740000000, 0x00000007c0000000)
  region size 1024K, 74 young (75776K), 2 survivors (2048K)
 Metaspace       used 41185K, capacity 42196K, committed 42496K, reserved 1087488K
  class space    used 4578K, capacity 5009K, committed 5120K, reserved 1048576K
GC Heap History (18 events):
Event: 0.223 GC heap before
{Heap before GC invocations=0 (full 0):
 garbage-first heap   total 131072K, used 24576K [0x0000000740000000, 0x00000007c0000000)
  region size 1024K, 24 young (24576K), 0 survivors (0K)
 Metaspace       used 9927K, capacity 10107K, committed 10240K, reserved 1058816K
  class space    used 860K, capacity 934K, committed 1024K, reserved 1048576K
}
Event: 0.225 GC heap after
{Heap after GC invocations=1 (full 0):
 garbage-first heap   total 131072K, used 3960K [0x0000000740000000, 0x00000007c0000000)
  region size 1024K, 3 young (3072K), 3 survivors (3072K)
 Metaspace       used 9927K, capacity 10107K, committed 10240K, reserved 1058816K
  class space    used 860K, capacity 934K, committed 1024K, reserved 1048576K
}
Event: 0.494 GC heap before
{Heap before GC invocations=1 (full 0):
 garbage-first heap   total 131072K, used 72568K [0x0000000740000000, 0x00000007c0000000)
  region size 1024K, 71 young (72704K), 3 survivors (3072K)
 Metaspace       used 20649K, capacity 20893K, committed 21248K, reserved 1069056K
  class space    used 2168K, capacity 2295K, committed 2304K, reserved 1048576K
}
Event: 0.497 GC heap after
{Heap after GC invocations=2 (full 0):
 garbage-first heap   total 131072K, used 7717K [0x0000000740000000, 0x00000007c0000000)
  region size 1024K, 7 young (7168K), 7 survivors (7168K)
 Metaspace       used 20649K, capacity 20893K, committed 21248K, reserved 1069056K
  class space    used 2168K, capacity 2295K, committed 2304K, reserved 1048576K
}
Event: 1.856 GC heap before
{Heap before GC invocations=3 (full 0):
 garbage-first heap   total 131072K, used 58917K [0x0000000740000000, 0x00000007c0000000)
  region size 1024K, 58 young (59392K), 7 survivors (7168K)
 Metaspace       used 34894K, capacity 35564K, committed 35840K, reserved 1081344K
  class space    used 3934K, capacity 4226K, committed 4352K, reserved 1048576K
}
Event: 1.863 GC heap after
{Heap after GC invocations=4 (full 0):
 garbage-first heap   total 131072K, used 10907K [0x0000000740000000, 0x00000007c0000000)
  region size 1024K, 7 young (7168K), 7 survivors (7168K)
 Metaspace       used 34894K, capacity 35564K, committed 35840K, reserved 1081344K
  class space    used 3934K, capacity 4226K, committed 4352K, reserved 1048576K
}
Event: 3.947 GC heap before
{Heap before GC invocations=5 (full 0):
 garbage-first heap   total 131072K, used 80539K [0x0000000740000000, 0x00000007c0000000)
  region size 1024K, 76 young (77824K), 7 survivors (7168K)
 Metaspace       used 39002K, capacity 39816K, committed 40064K, reserved 1085440K
  class space    used 4374K, capacity 4718K, committed 4736K, reserved 1048576K
}
Event: 3.955 GC heap after
{Heap after GC invocations=6 (full 0):
 garbage-first heap   total 131072K, used 13796K [0x0000000740000000, 0x00000007c0000000)
  region size 1024K, 7 young (7168K), 7 survivors (7168K)
 Metaspace       used 39002K, capacity 39816K, committed 40064K, reserved 1085440K
  class space    used 4374K, capacity 4718K, committed 4736K, reserved 1048576K
}
Event: 11.272 GC heap before
{Heap before GC invocations=6 (full 0):
 garbage-first heap   total 131072K, used 83428K [0x0000000740000000, 0x00000007c0000000)
  region size 1024K, 76 young (77824K), 7 survivors (7168K)
 Metaspace       used 39849K, capacity 40638K, committed 40960K, reserved 1085440K
  class space    used 4407K, capacity 4755K, committed 4864K, reserved 1048576K
}
Event: 11.280 GC heap after
{Heap after GC invocations=7 (full 0):
 garbage-first heap   total 131072K, used 16795K [0x0000000740000000, 0x00000007c0000000)
  region size 1024K, 6 young (6144K), 6 survivors (6144K)
 Metaspace       used 39849K, capacity 40638K, committed 40960K, reserved 1085440K
  class space    used 4407K, capacity 4755K, committed 4864K, reserved 1048576K
}
Event: 27.133 GC heap before
{Heap before GC invocations=7 (full 0):
 garbage-first heap   total 131072K, used 88475K [0x0000000740000000, 0x00000007c0000000)
  region size 1024K, 76 young (77824K), 6 survivors (6144K)
 Metaspace       used 40796K, capacity 41797K, committed 41984K, reserved 1085440K
  class space    used 4556K, capacity 5004K, committed 5120K, reserved 1048576K
}
Event: 27.136 GC heap after
{Heap after GC invocations=8 (full 0):
 garbage-first heap   total 131072K, used 16102K [0x0000000740000000, 0x00000007c0000000)
  region size 1024K, 3 young (3072K), 3 survivors (3072K)
 Metaspace       used 40796K, capacity 41797K, committed 41984K, reserved 1085440K
  class space    used 4556K, capacity 5004K, committed 5120K, reserved 1048576K
}
Event: 76.914 GC heap before
{Heap before GC invocations=8 (full 0):
 garbage-first heap   total 131072K, used 90854K [0x0000000740000000, 0x00000007c0000000)
  region size 1024K, 76 young (77824K), 3 survivors (3072K)
 Metaspace       used 40859K, capacity 41865K, committed 42240K, reserved 1087488K
  class space    used 4562K, capacity 5006K, committed 5120K, reserved 1048576K
}
Event: 76.920 GC heap after
{Heap after GC invocations=9 (full 0):
 garbage-first heap   total 131072K, used 15695K [0x0000000740000000, 0x00000007c0000000)
  region size 1024K, 2 young (2048K), 2 survivors (2048K)
 Metaspace       used 40859K, capacity 41865K, committed 42240K, reserved 1087488K
  class space    used 4562K, capacity 5006K, committed 5120K, reserved 1048576K
}
Event: 94.401 GC heap before
{Heap before GC invocations=9 (full 0):
 garbage-first heap   total 131072K, used 91471K [0x0000000740000000, 0x00000007c0000000)
  region size 1024K, 76 young (77824K), 2 survivors (2048K)
 Metaspace       used 40866K, capacity 41865K, committed 42240K, reserved 1087488K
  class space    used 4562K, capacity 5006K, committed 5120K, reserved 1048576K
}
Event: 94.404 GC heap after
{Heap after GC invocations=10 (full 0):
 garbage-first heap   total 131072K, used 15602K [0x0000000740000000, 0x00000007c0000000)
  region size 1024K, 2 young (2048K), 2 survivors (2048K)
 Metaspace       used 40866K, capacity 41865K, committed 42240K, reserved 1087488K
  class space    used 4562K, capacity 5006K, committed 5120K, reserved 1048576K
}
Event: 100.901 GC heap before
{Heap before GC invocations=10 (full 0):
 garbage-first heap   total 131072K, used 91378K [0x0000000740000000, 0x00000007c0000000)
  region size 1024K, 76 young (77824K), 2 survivors (2048K)
 Metaspace       used 40893K, capacity 41868K, committed 42240K, reserved 1087488K
  class space    used 4563K, capacity 5007K, committed 5120K, reserved 1048576K
}
Event: 100.902 GC heap after
{Heap after GC invocations=11 (full 0):
 garbage-first heap   total 131072K, used 15574K [0x0000000740000000, 0x00000007c0000000)
  region size 1024K, 2 young (2048K), 2 survivors (2048K)
 Metaspace       used 40893K, capacity 41868K, committed 42240K, reserved 1087488K
  class space    used 4563K, capacity 5007K, committed 5120K, reserved 1048576K
}

